\BOOKMARK [1][-]{section.1}{\376\377\173\054\116\000\172\340\000\040\227\136\176\277\140\047\145\271\172\013\116\016\145\271\172\013\176\304\166\204\145\160\120\074\211\343\154\325}{}% 1
\BOOKMARK [2][-]{subsection.1.1}{\376\377\000\247\0001\000.\0001\000\040\127\372\147\054\151\202\137\365}{section.1}% 2
\BOOKMARK [2][-]{subsection.1.2}{\376\377\000\247\0001\000.\0002\000\040\116\214\122\006\154\325\377\010\000B\000i\000s\000e\000c\000t\000i\000o\000n\000\040\000M\000e\000t\000h\000o\000d\377\011}{section.1}% 3
\BOOKMARK [2][-]{subsection.1.3}{\376\377\000\247\0001\000.\0003\000\040\116\015\122\250\160\271\217\355\116\343\154\325}{section.1}% 4
\BOOKMARK [2][-]{subsection.1.4}{\376\377\000\247\0001\000.\0004\000\040\000N\000e\000w\000t\000o\000n\000\040\217\355\116\343\154\325}{section.1}% 5
\BOOKMARK [2][-]{subsection.1.5}{\376\377\000\247\0001\000.\0005\000\040\137\046\142\052\154\325\377\010\122\162\176\277\154\325\377\011}{section.1}% 6
\BOOKMARK [2][-]{subsection.1.6}{\376\377\000\247\0001\000.\0006\000\040\217\355\116\343\122\240\220\037\145\066\145\133\145\271\154\325}{section.1}% 7
\BOOKMARK [2][-]{subsection.1.7}{\376\377\000\247\0001\000.\0007\000\040\217\355\116\343\145\271\154\325\166\204\213\241\173\227\145\110\163\207}{section.1}% 8
\BOOKMARK [1][-]{section.2}{\376\377\173\054\116\214\172\340\000\040\176\277\140\047\116\343\145\160\145\271\172\013\176\304\166\204\145\160\120\074\211\343\154\325}{}% 9
\BOOKMARK [2][-]{subsection.2.1}{\376\377\000\247\0002\000.\0001\000\040\137\025\212\000}{section.2}% 10
\BOOKMARK [2][-]{subsection.2.2}{\376\377\000\247\0002\000.\0002\000\040\000G\000a\000u\000s\000s\000\040\155\210\123\273\154\325}{section.2}% 11
\BOOKMARK [2][-]{subsection.2.3}{\376\377\000\247\0002\000.\0003\000\040\122\027\116\073\121\103\155\210\123\273\154\325}{section.2}% 12
\BOOKMARK [2][-]{subsection.2.4}{\376\377\000\247\0002\000.\0004\000\040\167\351\226\065\116\011\211\322\122\006\211\343\154\325}{section.2}% 13
\BOOKMARK [3][-]{subsubsection.2.4.1}{\376\377\0002\000.\0004\000.\0001\000\040\000D\000o\000o\000l\000i\000t\000t\000l\000e\000\040\122\006\211\343\154\325}{subsection.2.4}% 14
\BOOKMARK [3][-]{subsubsection.2.4.2}{\376\377\0002\000.\0004\000.\0002\000\040\000C\000r\000o\000u\000t\000\040\122\006\211\343\154\325}{subsection.2.4}% 15
\BOOKMARK [3][-]{subsubsection.2.4.3}{\376\377\0002\000.\0004\000.\0003\000\040\136\163\145\271\150\071\154\325\377\010\000C\000h\000o\000l\000e\000s\000k\000y\000\040\122\006\211\343\154\325\377\011}{subsection.2.4}% 16
\BOOKMARK [3][-]{subsubsection.2.4.4}{\376\377\0002\000.\0004\000.\0004\000\040\211\343\116\011\133\371\211\322\145\271\172\013\176\304\166\204\217\375\215\166\154\325}{subsection.2.4}% 17
\BOOKMARK [2][-]{subsection.2.5}{\376\377\000\247\0002\000.\0005\000\040\124\021\221\317\116\016\167\351\226\065\203\003\145\160}{section.2}% 18
\BOOKMARK [3][-]{subsubsection.2.5.1}{\376\377\0002\000.\0005\000.\0001\000\040\124\021\221\317\203\003\145\160}{subsection.2.5}% 19
\BOOKMARK [3][-]{subsubsection.2.5.2}{\376\377\0002\000.\0005\000.\0002\000\040\167\351\226\065\203\003\145\160}{subsection.2.5}% 20
\BOOKMARK [2][-]{subsection.2.6}{\376\377\000\247\0002\000.\0006\000\040\167\351\226\065\166\204\147\141\116\366\145\160\116\016\213\357\135\356\122\006\147\220}{section.2}% 21
\BOOKMARK [3][-]{subsubsection.2.6.1}{\376\377\0002\000.\0006\000.\0001\000\040\167\351\226\065\166\204\147\141\116\366\145\160}{subsection.2.6}% 22
\BOOKMARK [3][-]{subsubsection.2.6.2}{\376\377\0002\000.\0006\000.\0002\000\040\213\357\135\356\122\006\147\220}{subsection.2.6}% 23
\BOOKMARK [2][-]{subsection.2.7}{\376\377\000\247\0002\000.\0007\000\040\217\355\116\343\154\325\127\372\147\054\164\006\213\272}{section.2}% 24
\BOOKMARK [2][-]{subsection.2.8}{\376\377\000\247\0002\000.\0008\000\040\127\372\116\216\167\351\226\065\122\006\210\302\166\204\217\355\116\343\154\325}{section.2}% 25
\BOOKMARK [3][-]{subsubsection.2.8.1}{\376\377\0002\000.\0008\000.\0001\000\040\000J\000a\000c\000o\000b\000i\000\040\217\355\116\343\154\325}{subsection.2.8}% 26
\BOOKMARK [3][-]{subsubsection.2.8.2}{\376\377\0002\000.\0008\000.\0002\000\040\000G\000a\000u\000s\000s\000-\000S\000e\000i\000d\000e\000l\000\040\217\355\116\343\154\325}{subsection.2.8}% 27
\BOOKMARK [3][-]{subsubsection.2.8.3}{\376\377\0002\000.\0008\000.\0003\000\040\215\205\147\176\137\033\217\355\116\343\154\325\377\010\000S\000O\000R\000\040\145\271\154\325\377\011}{subsection.2.8}% 28
\BOOKMARK [2][-]{subsection.2.9}{\376\377\000\247\0002\000.\0009\000\040\217\355\116\343\154\325\145\066\145\133\140\047\122\044\133\232}{section.2}% 29
\BOOKMARK [2][-]{subsection.2.10}{\376\377\000\247\0002\000.\0001\0000\000\040\150\257\136\246\154\325}{section.2}% 30
\BOOKMARK [3][-]{subsubsection.2.10.1}{\376\377\0002\000.\0001\0000\000.\0001\000\040\147\000\220\037\116\013\226\115\154\325}{subsection.2.10}% 31
\BOOKMARK [3][-]{subsubsection.2.10.2}{\376\377\0002\000.\0001\0000\000.\0002\000\040\121\161\217\155\150\257\136\246\154\325\377\010\000C\000G\377\011}{subsection.2.10}% 32
\BOOKMARK [1][-]{section.3}{\376\377\173\054\116\011\172\340\000\040\143\322\120\074\154\325\116\016\145\160\120\074\220\074\217\321}{}% 33
\BOOKMARK [2][-]{subsection.3.1}{\376\377\000\247\0003\000.\0001\000\040\000L\000a\000g\000r\000a\000n\000g\000e\000\040\143\322\120\074\154\325}{section.3}% 34
\BOOKMARK [2][-]{subsection.3.2}{\376\377\000\247\0003\000.\0002\000\040\000N\000e\000w\000t\000o\000n\000\040\143\322\120\074\154\325}{section.3}% 35
\BOOKMARK [2][-]{subsection.3.3}{\376\377\000\247\0003\000.\0003\000\040\147\011\226\120\135\356\122\006\116\016\122\006\153\265\143\322\120\074}{section.3}% 36
\BOOKMARK [2][-]{subsection.3.4}{\376\377\000\247\0003\000.\0004\000\040\000H\000e\000r\000m\000i\000t\000e\000\040\143\322\120\074\116\016\122\006\153\265\143\322\120\074}{section.3}% 37
\BOOKMARK [2][-]{subsection.3.5}{\376\377\000\247\0003\000.\0005\000\040\116\011\153\041\150\067\147\141\143\322\120\074}{section.3}% 38
\BOOKMARK [2][-]{subsection.3.6}{\376\377\000\247\0003\000.\0006\000\040\147\000\117\163\136\163\145\271\220\074\217\321\116\016\147\000\134\017\116\214\116\130\154\325}{section.3}% 39
\BOOKMARK [1][-]{section.4}{\376\377\173\054\126\333\172\340\000\040\145\160\120\074\171\357\122\006}{}% 40
\BOOKMARK [2][-]{subsection.4.1}{\376\377\000\247\0004\000.\0001\000\040\145\160\120\074\171\357\122\006\166\204\116\000\202\054\151\202\137\365}{section.4}% 41
\BOOKMARK [2][-]{subsection.4.2}{\376\377\000\247\0004\000.\0002\000\040\000N\000e\000w\000t\000o\000n\040\023\000C\000o\000t\000e\000s\000\040\121\154\137\017}{section.4}% 42
\BOOKMARK [2][-]{subsection.4.3}{\376\377\000\247\0004\000.\0003\000\040\131\015\123\026\154\102\171\357\121\154\137\017}{section.4}% 43
\BOOKMARK [2][-]{subsection.4.4}{\376\377\000\247\0004\000.\0004\000\040\000R\000o\000m\000b\000e\000r\000g\000\040\154\102\171\357\154\325}{section.4}% 44
\BOOKMARK [2][-]{subsection.4.5}{\376\377\000\247\0004\000.\0005\000\040\000G\000a\000u\000s\000s\000\040\154\102\171\357\121\154\137\017}{section.4}% 45
\BOOKMARK [1][-]{section.5}{\376\377\173\054\116\224\172\340\000\040\167\351\226\065\162\171\137\201\120\074\116\016\162\171\137\201\124\021\221\317\166\204\213\241\173\227}{}% 46
\BOOKMARK [2][-]{subsection.5.1}{\376\377\000\247\0005\000.\0001\000\040\136\102\154\325\377\010\000P\000o\000w\000e\000r\000\040\000M\000e\000t\000h\000o\000d\377\011}{section.5}% 47
\BOOKMARK [2][-]{subsection.5.2}{\376\377\000\247\0005\000.\0002\000\040\123\315\136\102\154\325\377\010\000I\000n\000v\000e\000r\000s\000e\000\040\000P\000o\000w\000e\000r\000\040\000M\000e\000t\000h\000o\000d\377\011}{section.5}% 48
\BOOKMARK [1][-]{section.6}{\376\377\173\054\121\155\172\340\000\040\136\070\137\256\122\006\145\271\172\013\145\160\120\074\211\343\154\325}{}% 49
\BOOKMARK [2][-]{subsection.6.1}{\376\377\000\247\0006\000.\0001\000\040\137\025\212\000}{section.6}% 50
\BOOKMARK [2][-]{subsection.6.2}{\376\377\000\247\0006\000.\0002\000\040\127\372\147\054\123\125\153\145\154\325}{section.6}% 51
\BOOKMARK [2][-]{subsection.6.3}{\376\377\134\100\220\350\142\052\145\255\213\357\135\356\116\016\226\066}{section.6}% 52
\BOOKMARK [2][-]{subsection.6.4}{\376\377\000\247\0006\000.\0004\000\040\146\076\137\017\000\040\000R\000u\000n\000g\000e\040\023\000K\000u\000t\000t\000a\000\040\145\271\154\325}{section.6}% 53
\BOOKMARK [2][-]{subsection.6.5}{\376\377\000\247\0006\000.\0005\000\040\123\125\153\145\154\325\166\204\145\066\145\133\140\047\116\016\172\063\133\232\140\047}{section.6}% 54
\BOOKMARK [2][-]{subsection.6.6}{\376\377\000\247\0006\000.\0006\000\040\176\277\140\047\131\032\153\145\154\325}{section.6}% 55
\BOOKMARK [2][-]{subsection.6.7}{\376\377\000\247\0006\000.\0007\000\040\176\277\140\047\131\032\153\145\154\325\166\204\145\066\145\133\140\047\116\016\172\063\133\232\140\047}{section.6}% 56
\BOOKMARK [2][-]{subsection.6.8}{\376\377\000\247\0006\000.\0008\000\040\230\204\155\113\000-\150\041\153\143\145\271\154\325}{section.6}% 57
\BOOKMARK [2][-]{subsection.6.9}{\376\377\000\247\0006\000.\0009\000\040\116\000\226\066\145\271\172\013\176\304\116\016\232\330\226\066\145\271\172\013}{section.6}% 58
